<?xml version="1.0" encoding="UTF-8"?>
<testng-results skipped="0" failed="0" total="0" passed="0">
  <reporter-output>
  </reporter-output>
  <suite name="Default suite" duration-ms="625" started-at="2019-10-08T02:40:36Z" finished-at="2019-10-08T02:40:36Z">
    <groups>
      <group name="cucumber">
        <method signature="AbstractTestNGCucumberTests.feature(cucumber.api.testng.CucumberFeatureWrapper)[pri:0, instance:com.firmex.execute.ExecuteTest@2b9627bc]" name="feature" class="cucumber.api.testng.AbstractTestNGCucumberTests"/>
      </group> <!-- cucumber -->
    </groups>
    <test name="Default test" duration-ms="625" started-at="2019-10-08T02:40:36Z" finished-at="2019-10-08T02:40:36Z">
      <class name="com.firmex.execute.ExecuteTest">
        <test-method status="PASS" signature="setUpClass()[pri:0, instance:com.firmex.execute.ExecuteTest@2b9627bc]" name="setUpClass" is-config="true" duration-ms="398" started-at="2019-10-07T22:40:36Z" finished-at="2019-10-07T22:40:36Z">
          <reporter-output>
          </reporter-output>
        </test-method> <!-- setUpClass -->
        <test-method status="PASS" signature="_setup()[pri:0, instance:com.firmex.execute.ExecuteTest@2b9627bc]" name="_setup" is-config="true" duration-ms="175" started-at="2019-10-07T22:40:36Z" finished-at="2019-10-07T22:40:36Z">
          <reporter-output>
          </reporter-output>
        </test-method> <!-- _setup -->
        <test-method status="PASS" signature="_postRun()[pri:0, instance:com.firmex.execute.ExecuteTest@2b9627bc]" name="_postRun" is-config="true" duration-ms="1" started-at="2019-10-07T22:40:36Z" finished-at="2019-10-07T22:40:36Z">
          <reporter-output>
          </reporter-output>
        </test-method> <!-- _postRun -->
        <test-method status="FAIL" signature="tearDownClass()[pri:0, instance:com.firmex.execute.ExecuteTest@2b9627bc]" name="tearDownClass" is-config="true" duration-ms="0" started-at="2019-10-07T22:40:36Z" finished-at="2019-10-07T22:40:36Z">
          <exception class="java.lang.NullPointerException">
            <full-stacktrace>
              <![CDATA[java.lang.NullPointerException
	at com.relevantcodes.extentreports.Report.terminate(Report.java:417)
	at com.relevantcodes.extentreports.ExtentReports.close(ExtentReports.java:919)
	at com.cucumber.listener.ExtentCucumberFormatter.close(ExtentCucumberFormatter.java:229)
	at sun.reflect.NativeMethodAccessorImpl.invoke0(Native Method)
	at sun.reflect.NativeMethodAccessorImpl.invoke(Unknown Source)
	at sun.reflect.DelegatingMethodAccessorImpl.invoke(Unknown Source)
	at java.lang.reflect.Method.invoke(Unknown Source)
	at cucumber.runtime.Utils$1.call(Utils.java:40)
	at cucumber.runtime.Timeout.timeout(Timeout.java:16)
	at cucumber.runtime.Utils.invoke(Utils.java:34)
	at cucumber.runtime.RuntimeOptions$1.invoke(RuntimeOptions.java:294)
	at com.sun.proxy.$Proxy18.close(Unknown Source)
	at cucumber.api.testng.TestNGCucumberRunner.finish(TestNGCucumberRunner.java:77)
	at cucumber.api.testng.AbstractTestNGCucumberTests.tearDownClass(AbstractTestNGCucumberTests.java:34)
	at sun.reflect.NativeMethodAccessorImpl.invoke0(Native Method)
	at sun.reflect.NativeMethodAccessorImpl.invoke(Unknown Source)
	at sun.reflect.DelegatingMethodAccessorImpl.invoke(Unknown Source)
	at java.lang.reflect.Method.invoke(Unknown Source)
	at org.testng.internal.MethodInvocationHelper.invokeMethod(MethodInvocationHelper.java:86)
	at org.testng.internal.Invoker.invokeConfigurationMethod(Invoker.java:514)
	at org.testng.internal.Invoker.invokeConfigurations(Invoker.java:215)
	at org.testng.internal.Invoker.invokeConfigurations(Invoker.java:142)
	at org.testng.internal.TestMethodWorker.invokeAfterClassMethods(TestMethodWorker.java:232)
	at org.testng.internal.TestMethodWorker.run(TestMethodWorker.java:115)
	at org.testng.TestRunner.privateRun(TestRunner.java:782)
	at org.testng.TestRunner.run(TestRunner.java:632)
	at org.testng.SuiteRunner.runTest(SuiteRunner.java:366)
	at org.testng.SuiteRunner.runSequentially(SuiteRunner.java:361)
	at org.testng.SuiteRunner.privateRun(SuiteRunner.java:319)
	at org.testng.SuiteRunner.run(SuiteRunner.java:268)
	at org.testng.SuiteRunnerWorker.runSuite(SuiteRunnerWorker.java:52)
	at org.testng.SuiteRunnerWorker.run(SuiteRunnerWorker.java:86)
	at org.testng.TestNG.runSuitesSequentially(TestNG.java:1244)
	at org.testng.TestNG.runSuitesLocally(TestNG.java:1169)
	at org.testng.TestNG.run(TestNG.java:1064)
	at org.testng.remote.AbstractRemoteTestNG.run(AbstractRemoteTestNG.java:132)
	at org.testng.remote.RemoteTestNG.initAndRun(RemoteTestNG.java:230)
	at org.testng.remote.RemoteTestNG.main(RemoteTestNG.java:76)
]]>
            </full-stacktrace>
          </exception> <!-- java.lang.NullPointerException -->
          <reporter-output>
          </reporter-output>
        </test-method> <!-- tearDownClass -->
      </class> <!-- com.firmex.execute.ExecuteTest -->
    </test> <!-- Default test -->
  </suite> <!-- Default suite -->
</testng-results>
